<?xml version="1.0" encoding="UTF-8"?>
<testsuite xmlns:xsi="http://www.w3.org/2001/XMLSchema-instance" xsi:noNamespaceSchemaLocation="https://maven.apache.org/surefire/maven-surefire-plugin/xsd/surefire-test-report-3.0.xsd" version="3.0" name="com.MovieApps.UserControllerTest" time="2.226" tests="20" errors="0" skipped="0" failures="0">
  <properties>
    <property name="java.specification.version" value="17"/>
    <property name="sun.cpu.isalist" value="amd64"/>
    <property name="sun.jnu.encoding" value="Cp1252"/>
    <property name="java.class.path" value="C:\Users\ArunkumarKarunakaran\Downloads\MovieNew-main\MovieNew-main\target\test-classes;C:\Users\ArunkumarKarunakaran\Downloads\MovieNew-main\MovieNew-main\target\classes;C:\Users\ArunkumarKarunakaran\.m2\repository\org\springframework\boot\spring-boot-starter-actuator\3.1.0\spring-boot-starter-actuator-3.1.0.jar;C:\Users\ArunkumarKarunakaran\.m2\repository\org\springframework\boot\spring-boot-starter\3.1.0\spring-boot-starter-3.1.0.jar;C:\Users\ArunkumarKarunakaran\.m2\repository\org\springframework\boot\spring-boot-starter-logging\3.1.0\spring-boot-starter-logging-3.1.0.jar;C:\Users\ArunkumarKarunakaran\.m2\repository\ch\qos\logback\logback-classic\1.4.7\logback-classic-1.4.7.jar;C:\Users\ArunkumarKarunakaran\.m2\repository\ch\qos\logback\logback-core\1.4.7\logback-core-1.4.7.jar;C:\Users\ArunkumarKarunakaran\.m2\repository\org\apache\logging\log4j\log4j-to-slf4j\2.20.0\log4j-to-slf4j-2.20.0.jar;C:\Users\ArunkumarKarunakaran\.m2\repository\org\apache\logging\log4j\log4j-api\2.20.0\log4j-api-2.20.0.jar;C:\Users\ArunkumarKarunakaran\.m2\repository\org\slf4j\jul-to-slf4j\2.0.7\jul-to-slf4j-2.0.7.jar;C:\Users\ArunkumarKarunakaran\.m2\repository\jakarta\annotation\jakarta.annotation-api\2.1.1\jakarta.annotation-api-2.1.1.jar;C:\Users\ArunkumarKarunakaran\.m2\repository\org\yaml\snakeyaml\1.33\snakeyaml-1.33.jar;C:\Users\ArunkumarKarunakaran\.m2\repository\org\springframework\boot\spring-boot-actuator-autoconfigure\3.1.0\spring-boot-actuator-autoconfigure-3.1.0.jar;C:\Users\ArunkumarKarunakaran\.m2\repository\org\springframework\boot\spring-boot-actuator\3.1.0\spring-boot-actuator-3.1.0.jar;C:\Users\ArunkumarKarunakaran\.m2\repository\com\fasterxml\jackson\datatype\jackson-datatype-jsr310\2.15.0\jackson-datatype-jsr310-2.15.0.jar;C:\Users\ArunkumarKarunakaran\.m2\repository\io\micrometer\micrometer-observation\1.11.0\micrometer-observation-1.11.0.jar;C:\Users\ArunkumarKarunakaran\.m2\repository\io\micrometer\micrometer-commons\1.11.0\micrometer-commons-1.11.0.jar;C:\Users\ArunkumarKarunakaran\.m2\repository\io\micrometer\micrometer-core\1.11.0\micrometer-core-1.11.0.jar;C:\Users\ArunkumarKarunakaran\.m2\repository\org\hdrhistogram\HdrHistogram\2.1.12\HdrHistogram-2.1.12.jar;C:\Users\ArunkumarKarunakaran\.m2\repository\org\latencyutils\LatencyUtils\2.0.3\LatencyUtils-2.0.3.jar;C:\Users\ArunkumarKarunakaran\.m2\repository\org\springdoc\springdoc-openapi-ui\1.5.12\springdoc-openapi-ui-1.5.12.jar;C:\Users\ArunkumarKarunakaran\.m2\repository\org\springdoc\springdoc-openapi-webmvc-core\1.5.12\springdoc-openapi-webmvc-core-1.5.12.jar;C:\Users\ArunkumarKarunakaran\.m2\repository\org\springdoc\springdoc-openapi-common\1.5.12\springdoc-openapi-common-1.5.12.jar;C:\Users\ArunkumarKarunakaran\.m2\repository\io\swagger\core\v3\swagger-integration\2.1.11\swagger-integration-2.1.11.jar;C:\Users\ArunkumarKarunakaran\.m2\repository\io\swagger\core\v3\swagger-core\2.1.11\swagger-core-2.1.11.jar;C:\Users\ArunkumarKarunakaran\.m2\repository\com\fasterxml\jackson\dataformat\jackson-dataformat-yaml\2.15.0\jackson-dataformat-yaml-2.15.0.jar;C:\Users\ArunkumarKarunakaran\.m2\repository\io\github\classgraph\classgraph\4.8.116\classgraph-4.8.116.jar;C:\Users\ArunkumarKarunakaran\.m2\repository\org\apache\commons\commons-lang3\3.12.0\commons-lang3-3.12.0.jar;C:\Users\ArunkumarKarunakaran\.m2\repository\org\webjars\swagger-ui\3.52.5\swagger-ui-3.52.5.jar;C:\Users\ArunkumarKarunakaran\.m2\repository\org\webjars\webjars-locator-core\0.52\webjars-locator-core-0.52.jar;C:\Users\ArunkumarKarunakaran\.m2\repository\com\fasterxml\jackson\core\jackson-core\2.15.0\jackson-core-2.15.0.jar;C:\Users\ArunkumarKarunakaran\.m2\repository\io\springfox\springfox-boot-starter\3.0.0\springfox-boot-starter-3.0.0.jar;C:\Users\ArunkumarKarunakaran\.m2\repository\io\springfox\springfox-oas\3.0.0\springfox-oas-3.0.0.jar;C:\Users\ArunkumarKarunakaran\.m2\repository\io\swagger\core\v3\swagger-annotations\2.1.2\swagger-annotations-2.1.2.jar;C:\Users\ArunkumarKarunakaran\.m2\repository\io\swagger\core\v3\swagger-models\2.1.2\swagger-models-2.1.2.jar;C:\Users\ArunkumarKarunakaran\.m2\repository\io\springfox\springfox-spi\3.0.0\springfox-spi-3.0.0.jar;C:\Users\ArunkumarKarunakaran\.m2\repository\io\springfox\springfox-schema\3.0.0\springfox-schema-3.0.0.jar;C:\Users\ArunkumarKarunakaran\.m2\repository\io\springfox\springfox-core\3.0.0\springfox-core-3.0.0.jar;C:\Users\ArunkumarKarunakaran\.m2\repository\io\springfox\springfox-spring-web\3.0.0\springfox-spring-web-3.0.0.jar;C:\Users\ArunkumarKarunakaran\.m2\repository\io\springfox\springfox-spring-webflux\3.0.0\springfox-spring-webflux-3.0.0.jar;C:\Users\ArunkumarKarunakaran\.m2\repository\io\springfox\springfox-swagger-common\3.0.0\springfox-swagger-common-3.0.0.jar;C:\Users\ArunkumarKarunakaran\.m2\repository\org\mapstruct\mapstruct\1.3.1.Final\mapstruct-1.3.1.Final.jar;C:\Users\ArunkumarKarunakaran\.m2\repository\io\springfox\springfox-data-rest\3.0.0\springfox-data-rest-3.0.0.jar;C:\Users\ArunkumarKarunakaran\.m2\repository\io\springfox\springfox-bean-validators\3.0.0\springfox-bean-validators-3.0.0.jar;C:\Users\ArunkumarKarunakaran\.m2\repository\io\springfox\springfox-swagger2\3.0.0\springfox-swagger2-3.0.0.jar;C:\Users\ArunkumarKarunakaran\.m2\repository\io\swagger\swagger-annotations\1.5.20\swagger-annotations-1.5.20.jar;C:\Users\ArunkumarKarunakaran\.m2\repository\io\swagger\swagger-models\1.5.20\swagger-models-1.5.20.jar;C:\Users\ArunkumarKarunakaran\.m2\repository\com\fasterxml\classmate\1.5.1\classmate-1.5.1.jar;C:\Users\ArunkumarKarunakaran\.m2\repository\org\slf4j\slf4j-api\2.0.7\slf4j-api-2.0.7.jar;C:\Users\ArunkumarKarunakaran\.m2\repository\org\springframework\plugin\spring-plugin-core\2.0.0.RELEASE\spring-plugin-core-2.0.0.RELEASE.jar;C:\Users\ArunkumarKarunakaran\.m2\repository\org\springframework\spring-beans\6.0.9\spring-beans-6.0.9.jar;C:\Users\ArunkumarKarunakaran\.m2\repository\org\springframework\spring-context\6.0.9\spring-context-6.0.9.jar;C:\Users\ArunkumarKarunakaran\.m2\repository\org\springframework\spring-aop\6.0.9\spring-aop-6.0.9.jar;C:\Users\ArunkumarKarunakaran\.m2\repository\org\springframework\plugin\spring-plugin-metadata\2.0.0.RELEASE\spring-plugin-metadata-2.0.0.RELEASE.jar;C:\Users\ArunkumarKarunakaran\.m2\repository\io\springfox\springfox-swagger-ui\3.0.0\springfox-swagger-ui-3.0.0.jar;C:\Users\ArunkumarKarunakaran\.m2\repository\io\springfox\springfox-spring-webmvc\3.0.0\springfox-spring-webmvc-3.0.0.jar;C:\Users\ArunkumarKarunakaran\.m2\repository\io\jsonwebtoken\jjwt-api\0.11.2\jjwt-api-0.11.2.jar;C:\Users\ArunkumarKarunakaran\.m2\repository\io\jsonwebtoken\jjwt-impl\0.11.2\jjwt-impl-0.11.2.jar;C:\Users\ArunkumarKarunakaran\.m2\repository\io\jsonwebtoken\jjwt-jackson\0.11.2\jjwt-jackson-0.11.2.jar;C:\Users\ArunkumarKarunakaran\.m2\repository\com\fasterxml\jackson\core\jackson-databind\2.15.0\jackson-databind-2.15.0.jar;C:\Users\ArunkumarKarunakaran\.m2\repository\com\fasterxml\jackson\core\jackson-annotations\2.15.0\jackson-annotations-2.15.0.jar;C:\Users\ArunkumarKarunakaran\.m2\repository\org\springframework\boot\spring-boot-starter-validation\3.0.6\spring-boot-starter-validation-3.0.6.jar;C:\Users\ArunkumarKarunakaran\.m2\repository\org\apache\tomcat\embed\tomcat-embed-el\10.1.8\tomcat-embed-el-10.1.8.jar;C:\Users\ArunkumarKarunakaran\.m2\repository\org\hibernate\validator\hibernate-validator\8.0.0.Final\hibernate-validator-8.0.0.Final.jar;C:\Users\ArunkumarKarunakaran\.m2\repository\jakarta\validation\jakarta.validation-api\3.0.2\jakarta.validation-api-3.0.2.jar;C:\Users\ArunkumarKarunakaran\.m2\repository\org\jboss\logging\jboss-logging\3.5.0.Final\jboss-logging-3.5.0.Final.jar;C:\Users\ArunkumarKarunakaran\.m2\repository\org\springframework\boot\spring-boot-starter-data-mongodb\3.1.0\spring-boot-starter-data-mongodb-3.1.0.jar;C:\Users\ArunkumarKarunakaran\.m2\repository\org\mongodb\mongodb-driver-sync\4.9.1\mongodb-driver-sync-4.9.1.jar;C:\Users\ArunkumarKarunakaran\.m2\repository\org\mongodb\bson\4.9.1\bson-4.9.1.jar;C:\Users\ArunkumarKarunakaran\.m2\repository\org\mongodb\mongodb-driver-core\4.9.1\mongodb-driver-core-4.9.1.jar;C:\Users\ArunkumarKarunakaran\.m2\repository\org\mongodb\bson-record-codec\4.9.1\bson-record-codec-4.9.1.jar;C:\Users\ArunkumarKarunakaran\.m2\repository\org\springframework\data\spring-data-mongodb\4.1.0\spring-data-mongodb-4.1.0.jar;C:\Users\ArunkumarKarunakaran\.m2\repository\org\springframework\spring-tx\6.0.9\spring-tx-6.0.9.jar;C:\Users\ArunkumarKarunakaran\.m2\repository\org\springframework\spring-expression\6.0.9\spring-expression-6.0.9.jar;C:\Users\ArunkumarKarunakaran\.m2\repository\org\springframework\data\spring-data-commons\3.1.0\spring-data-commons-3.1.0.jar;C:\Users\ArunkumarKarunakaran\.m2\repository\org\springframework\boot\spring-boot-starter-web\3.1.0\spring-boot-starter-web-3.1.0.jar;C:\Users\ArunkumarKarunakaran\.m2\repository\org\springframework\boot\spring-boot-starter-json\3.1.0\spring-boot-starter-json-3.1.0.jar;C:\Users\ArunkumarKarunakaran\.m2\repository\com\fasterxml\jackson\datatype\jackson-datatype-jdk8\2.15.0\jackson-datatype-jdk8-2.15.0.jar;C:\Users\ArunkumarKarunakaran\.m2\repository\com\fasterxml\jackson\module\jackson-module-parameter-names\2.15.0\jackson-module-parameter-names-2.15.0.jar;C:\Users\ArunkumarKarunakaran\.m2\repository\org\springframework\boot\spring-boot-starter-tomcat\3.1.0\spring-boot-starter-tomcat-3.1.0.jar;C:\Users\ArunkumarKarunakaran\.m2\repository\org\apache\tomcat\embed\tomcat-embed-core\10.1.8\tomcat-embed-core-10.1.8.jar;C:\Users\ArunkumarKarunakaran\.m2\repository\org\apache\tomcat\embed\tomcat-embed-websocket\10.1.8\tomcat-embed-websocket-10.1.8.jar;C:\Users\ArunkumarKarunakaran\.m2\repository\org\springframework\spring-web\6.0.9\spring-web-6.0.9.jar;C:\Users\ArunkumarKarunakaran\.m2\repository\org\springframework\spring-webmvc\6.0.9\spring-webmvc-6.0.9.jar;C:\Users\ArunkumarKarunakaran\.m2\repository\org\springframework\boot\spring-boot-devtools\3.1.0\spring-boot-devtools-3.1.0.jar;C:\Users\ArunkumarKarunakaran\.m2\repository\org\springframework\boot\spring-boot\3.1.0\spring-boot-3.1.0.jar;C:\Users\ArunkumarKarunakaran\.m2\repository\org\springframework\boot\spring-boot-autoconfigure\3.1.0\spring-boot-autoconfigure-3.1.0.jar;C:\Users\ArunkumarKarunakaran\.m2\repository\org\projectlombok\lombok\1.18.26\lombok-1.18.26.jar;C:\Users\ArunkumarKarunakaran\.m2\repository\org\springframework\boot\spring-boot-starter-test\3.1.0\spring-boot-starter-test-3.1.0.jar;C:\Users\ArunkumarKarunakaran\.m2\repository\org\springframework\boot\spring-boot-test\3.1.0\spring-boot-test-3.1.0.jar;C:\Users\ArunkumarKarunakaran\.m2\repository\org\springframework\boot\spring-boot-test-autoconfigure\3.1.0\spring-boot-test-autoconfigure-3.1.0.jar;C:\Users\ArunkumarKarunakaran\.m2\repository\com\jayway\jsonpath\json-path\2.8.0\json-path-2.8.0.jar;C:\Users\ArunkumarKarunakaran\.m2\repository\jakarta\xml\bind\jakarta.xml.bind-api\4.0.0\jakarta.xml.bind-api-4.0.0.jar;C:\Users\ArunkumarKarunakaran\.m2\repository\jakarta\activation\jakarta.activation-api\2.1.2\jakarta.activation-api-2.1.2.jar;C:\Users\ArunkumarKarunakaran\.m2\repository\net\minidev\json-smart\2.4.10\json-smart-2.4.10.jar;C:\Users\ArunkumarKarunakaran\.m2\repository\net\minidev\accessors-smart\2.4.9\accessors-smart-2.4.9.jar;C:\Users\ArunkumarKarunakaran\.m2\repository\org\ow2\asm\asm\9.3\asm-9.3.jar;C:\Users\ArunkumarKarunakaran\.m2\repository\org\assertj\assertj-core\3.24.2\assertj-core-3.24.2.jar;C:\Users\ArunkumarKarunakaran\.m2\repository\net\bytebuddy\byte-buddy\1.14.4\byte-buddy-1.14.4.jar;C:\Users\ArunkumarKarunakaran\.m2\repository\org\hamcrest\hamcrest\2.2\hamcrest-2.2.jar;C:\Users\ArunkumarKarunakaran\.m2\repository\org\junit\jupiter\junit-jupiter\5.9.3\junit-jupiter-5.9.3.jar;C:\Users\ArunkumarKarunakaran\.m2\repository\org\junit\jupiter\junit-jupiter-api\5.9.3\junit-jupiter-api-5.9.3.jar;C:\Users\ArunkumarKarunakaran\.m2\repository\org\opentest4j\opentest4j\1.2.0\opentest4j-1.2.0.jar;C:\Users\ArunkumarKarunakaran\.m2\repository\org\junit\platform\junit-platform-commons\1.9.3\junit-platform-commons-1.9.3.jar;C:\Users\ArunkumarKarunakaran\.m2\repository\org\apiguardian\apiguardian-api\1.1.2\apiguardian-api-1.1.2.jar;C:\Users\ArunkumarKarunakaran\.m2\repository\org\junit\jupiter\junit-jupiter-params\5.9.3\junit-jupiter-params-5.9.3.jar;C:\Users\ArunkumarKarunakaran\.m2\repository\org\junit\jupiter\junit-jupiter-engine\5.9.3\junit-jupiter-engine-5.9.3.jar;C:\Users\ArunkumarKarunakaran\.m2\repository\org\junit\platform\junit-platform-engine\1.9.3\junit-platform-engine-1.9.3.jar;C:\Users\ArunkumarKarunakaran\.m2\repository\org\mockito\mockito-core\5.3.1\mockito-core-5.3.1.jar;C:\Users\ArunkumarKarunakaran\.m2\repository\net\bytebuddy\byte-buddy-agent\1.14.4\byte-buddy-agent-1.14.4.jar;C:\Users\ArunkumarKarunakaran\.m2\repository\org\objenesis\objenesis\3.3\objenesis-3.3.jar;C:\Users\ArunkumarKarunakaran\.m2\repository\org\mockito\mockito-junit-jupiter\5.3.1\mockito-junit-jupiter-5.3.1.jar;C:\Users\ArunkumarKarunakaran\.m2\repository\org\skyscreamer\jsonassert\1.5.1\jsonassert-1.5.1.jar;C:\Users\ArunkumarKarunakaran\.m2\repository\com\vaadin\external\google\android-json\0.0.20131108.vaadin1\android-json-0.0.20131108.vaadin1.jar;C:\Users\ArunkumarKarunakaran\.m2\repository\org\springframework\spring-core\6.0.9\spring-core-6.0.9.jar;C:\Users\ArunkumarKarunakaran\.m2\repository\org\springframework\spring-jcl\6.0.9\spring-jcl-6.0.9.jar;C:\Users\ArunkumarKarunakaran\.m2\repository\org\springframework\spring-test\6.0.9\spring-test-6.0.9.jar;C:\Users\ArunkumarKarunakaran\.m2\repository\org\xmlunit\xmlunit-core\2.9.1\xmlunit-core-2.9.1.jar;C:\Users\ArunkumarKarunakaran\.m2\repository\org\springframework\boot\spring-boot-configuration-processor\3.1.0\spring-boot-configuration-processor-3.1.0.jar;"/>
    <property name="java.vm.vendor" value="Eclipse Adoptium"/>
    <property name="sun.arch.data.model" value="64"/>
    <property name="user.variant" value=""/>
    <property name="java.vendor.url" value="https://adoptium.net/"/>
    <property name="user.timezone" value="Asia/Calcutta"/>
    <property name="os.name" value="Windows 10"/>
    <property name="java.vm.specification.version" value="17"/>
    <property name="sun.java.launcher" value="SUN_STANDARD"/>
    <property name="user.country" value="IN"/>
    <property name="sun.boot.library.path" value="C:\Users\ArunkumarKarunakaran\Downloads\sts-4.16.1.RELEASE\plugins\org.eclipse.justj.openjdk.hotspot.jre.full.win32.x86_64_17.0.4.v20221004-1257\jre\bin"/>
    <property name="sun.java.command" value="C:\Users\ArunkumarKarunakaran\AppData\Local\Temp\surefire12678422339329121811\surefirebooter-20230623161734226_3.jar C:\Users\ArunkumarKarunakaran\AppData\Local\Temp\surefire12678422339329121811 2023-06-23T16-17-14_128-jvmRun1 surefire-20230623161734226_1tmp surefire_0-20230623161734226_2tmp"/>
    <property name="jdk.debug" value="release"/>
    <property name="surefire.test.class.path" value="C:\Users\ArunkumarKarunakaran\Downloads\MovieNew-main\MovieNew-main\target\test-classes;C:\Users\ArunkumarKarunakaran\Downloads\MovieNew-main\MovieNew-main\target\classes;C:\Users\ArunkumarKarunakaran\.m2\repository\org\springframework\boot\spring-boot-starter-actuator\3.1.0\spring-boot-starter-actuator-3.1.0.jar;C:\Users\ArunkumarKarunakaran\.m2\repository\org\springframework\boot\spring-boot-starter\3.1.0\spring-boot-starter-3.1.0.jar;C:\Users\ArunkumarKarunakaran\.m2\repository\org\springframework\boot\spring-boot-starter-logging\3.1.0\spring-boot-starter-logging-3.1.0.jar;C:\Users\ArunkumarKarunakaran\.m2\repository\ch\qos\logback\logback-classic\1.4.7\logback-classic-1.4.7.jar;C:\Users\ArunkumarKarunakaran\.m2\repository\ch\qos\logback\logback-core\1.4.7\logback-core-1.4.7.jar;C:\Users\ArunkumarKarunakaran\.m2\repository\org\apache\logging\log4j\log4j-to-slf4j\2.20.0\log4j-to-slf4j-2.20.0.jar;C:\Users\ArunkumarKarunakaran\.m2\repository\org\apache\logging\log4j\log4j-api\2.20.0\log4j-api-2.20.0.jar;C:\Users\ArunkumarKarunakaran\.m2\repository\org\slf4j\jul-to-slf4j\2.0.7\jul-to-slf4j-2.0.7.jar;C:\Users\ArunkumarKarunakaran\.m2\repository\jakarta\annotation\jakarta.annotation-api\2.1.1\jakarta.annotation-api-2.1.1.jar;C:\Users\ArunkumarKarunakaran\.m2\repository\org\yaml\snakeyaml\1.33\snakeyaml-1.33.jar;C:\Users\ArunkumarKarunakaran\.m2\repository\org\springframework\boot\spring-boot-actuator-autoconfigure\3.1.0\spring-boot-actuator-autoconfigure-3.1.0.jar;C:\Users\ArunkumarKarunakaran\.m2\repository\org\springframework\boot\spring-boot-actuator\3.1.0\spring-boot-actuator-3.1.0.jar;C:\Users\ArunkumarKarunakaran\.m2\repository\com\fasterxml\jackson\datatype\jackson-datatype-jsr310\2.15.0\jackson-datatype-jsr310-2.15.0.jar;C:\Users\ArunkumarKarunakaran\.m2\repository\io\micrometer\micrometer-observation\1.11.0\micrometer-observation-1.11.0.jar;C:\Users\ArunkumarKarunakaran\.m2\repository\io\micrometer\micrometer-commons\1.11.0\micrometer-commons-1.11.0.jar;C:\Users\ArunkumarKarunakaran\.m2\repository\io\micrometer\micrometer-core\1.11.0\micrometer-core-1.11.0.jar;C:\Users\ArunkumarKarunakaran\.m2\repository\org\hdrhistogram\HdrHistogram\2.1.12\HdrHistogram-2.1.12.jar;C:\Users\ArunkumarKarunakaran\.m2\repository\org\latencyutils\LatencyUtils\2.0.3\LatencyUtils-2.0.3.jar;C:\Users\ArunkumarKarunakaran\.m2\repository\org\springdoc\springdoc-openapi-ui\1.5.12\springdoc-openapi-ui-1.5.12.jar;C:\Users\ArunkumarKarunakaran\.m2\repository\org\springdoc\springdoc-openapi-webmvc-core\1.5.12\springdoc-openapi-webmvc-core-1.5.12.jar;C:\Users\ArunkumarKarunakaran\.m2\repository\org\springdoc\springdoc-openapi-common\1.5.12\springdoc-openapi-common-1.5.12.jar;C:\Users\ArunkumarKarunakaran\.m2\repository\io\swagger\core\v3\swagger-integration\2.1.11\swagger-integration-2.1.11.jar;C:\Users\ArunkumarKarunakaran\.m2\repository\io\swagger\core\v3\swagger-core\2.1.11\swagger-core-2.1.11.jar;C:\Users\ArunkumarKarunakaran\.m2\repository\com\fasterxml\jackson\dataformat\jackson-dataformat-yaml\2.15.0\jackson-dataformat-yaml-2.15.0.jar;C:\Users\ArunkumarKarunakaran\.m2\repository\io\github\classgraph\classgraph\4.8.116\classgraph-4.8.116.jar;C:\Users\ArunkumarKarunakaran\.m2\repository\org\apache\commons\commons-lang3\3.12.0\commons-lang3-3.12.0.jar;C:\Users\ArunkumarKarunakaran\.m2\repository\org\webjars\swagger-ui\3.52.5\swagger-ui-3.52.5.jar;C:\Users\ArunkumarKarunakaran\.m2\repository\org\webjars\webjars-locator-core\0.52\webjars-locator-core-0.52.jar;C:\Users\ArunkumarKarunakaran\.m2\repository\com\fasterxml\jackson\core\jackson-core\2.15.0\jackson-core-2.15.0.jar;C:\Users\ArunkumarKarunakaran\.m2\repository\io\springfox\springfox-boot-starter\3.0.0\springfox-boot-starter-3.0.0.jar;C:\Users\ArunkumarKarunakaran\.m2\repository\io\springfox\springfox-oas\3.0.0\springfox-oas-3.0.0.jar;C:\Users\ArunkumarKarunakaran\.m2\repository\io\swagger\core\v3\swagger-annotations\2.1.2\swagger-annotations-2.1.2.jar;C:\Users\ArunkumarKarunakaran\.m2\repository\io\swagger\core\v3\swagger-models\2.1.2\swagger-models-2.1.2.jar;C:\Users\ArunkumarKarunakaran\.m2\repository\io\springfox\springfox-spi\3.0.0\springfox-spi-3.0.0.jar;C:\Users\ArunkumarKarunakaran\.m2\repository\io\springfox\springfox-schema\3.0.0\springfox-schema-3.0.0.jar;C:\Users\ArunkumarKarunakaran\.m2\repository\io\springfox\springfox-core\3.0.0\springfox-core-3.0.0.jar;C:\Users\ArunkumarKarunakaran\.m2\repository\io\springfox\springfox-spring-web\3.0.0\springfox-spring-web-3.0.0.jar;C:\Users\ArunkumarKarunakaran\.m2\repository\io\springfox\springfox-spring-webflux\3.0.0\springfox-spring-webflux-3.0.0.jar;C:\Users\ArunkumarKarunakaran\.m2\repository\io\springfox\springfox-swagger-common\3.0.0\springfox-swagger-common-3.0.0.jar;C:\Users\ArunkumarKarunakaran\.m2\repository\org\mapstruct\mapstruct\1.3.1.Final\mapstruct-1.3.1.Final.jar;C:\Users\ArunkumarKarunakaran\.m2\repository\io\springfox\springfox-data-rest\3.0.0\springfox-data-rest-3.0.0.jar;C:\Users\ArunkumarKarunakaran\.m2\repository\io\springfox\springfox-bean-validators\3.0.0\springfox-bean-validators-3.0.0.jar;C:\Users\ArunkumarKarunakaran\.m2\repository\io\springfox\springfox-swagger2\3.0.0\springfox-swagger2-3.0.0.jar;C:\Users\ArunkumarKarunakaran\.m2\repository\io\swagger\swagger-annotations\1.5.20\swagger-annotations-1.5.20.jar;C:\Users\ArunkumarKarunakaran\.m2\repository\io\swagger\swagger-models\1.5.20\swagger-models-1.5.20.jar;C:\Users\ArunkumarKarunakaran\.m2\repository\com\fasterxml\classmate\1.5.1\classmate-1.5.1.jar;C:\Users\ArunkumarKarunakaran\.m2\repository\org\slf4j\slf4j-api\2.0.7\slf4j-api-2.0.7.jar;C:\Users\ArunkumarKarunakaran\.m2\repository\org\springframework\plugin\spring-plugin-core\2.0.0.RELEASE\spring-plugin-core-2.0.0.RELEASE.jar;C:\Users\ArunkumarKarunakaran\.m2\repository\org\springframework\spring-beans\6.0.9\spring-beans-6.0.9.jar;C:\Users\ArunkumarKarunakaran\.m2\repository\org\springframework\spring-context\6.0.9\spring-context-6.0.9.jar;C:\Users\ArunkumarKarunakaran\.m2\repository\org\springframework\spring-aop\6.0.9\spring-aop-6.0.9.jar;C:\Users\ArunkumarKarunakaran\.m2\repository\org\springframework\plugin\spring-plugin-metadata\2.0.0.RELEASE\spring-plugin-metadata-2.0.0.RELEASE.jar;C:\Users\ArunkumarKarunakaran\.m2\repository\io\springfox\springfox-swagger-ui\3.0.0\springfox-swagger-ui-3.0.0.jar;C:\Users\ArunkumarKarunakaran\.m2\repository\io\springfox\springfox-spring-webmvc\3.0.0\springfox-spring-webmvc-3.0.0.jar;C:\Users\ArunkumarKarunakaran\.m2\repository\io\jsonwebtoken\jjwt-api\0.11.2\jjwt-api-0.11.2.jar;C:\Users\ArunkumarKarunakaran\.m2\repository\io\jsonwebtoken\jjwt-impl\0.11.2\jjwt-impl-0.11.2.jar;C:\Users\ArunkumarKarunakaran\.m2\repository\io\jsonwebtoken\jjwt-jackson\0.11.2\jjwt-jackson-0.11.2.jar;C:\Users\ArunkumarKarunakaran\.m2\repository\com\fasterxml\jackson\core\jackson-databind\2.15.0\jackson-databind-2.15.0.jar;C:\Users\ArunkumarKarunakaran\.m2\repository\com\fasterxml\jackson\core\jackson-annotations\2.15.0\jackson-annotations-2.15.0.jar;C:\Users\ArunkumarKarunakaran\.m2\repository\org\springframework\boot\spring-boot-starter-validation\3.0.6\spring-boot-starter-validation-3.0.6.jar;C:\Users\ArunkumarKarunakaran\.m2\repository\org\apache\tomcat\embed\tomcat-embed-el\10.1.8\tomcat-embed-el-10.1.8.jar;C:\Users\ArunkumarKarunakaran\.m2\repository\org\hibernate\validator\hibernate-validator\8.0.0.Final\hibernate-validator-8.0.0.Final.jar;C:\Users\ArunkumarKarunakaran\.m2\repository\jakarta\validation\jakarta.validation-api\3.0.2\jakarta.validation-api-3.0.2.jar;C:\Users\ArunkumarKarunakaran\.m2\repository\org\jboss\logging\jboss-logging\3.5.0.Final\jboss-logging-3.5.0.Final.jar;C:\Users\ArunkumarKarunakaran\.m2\repository\org\springframework\boot\spring-boot-starter-data-mongodb\3.1.0\spring-boot-starter-data-mongodb-3.1.0.jar;C:\Users\ArunkumarKarunakaran\.m2\repository\org\mongodb\mongodb-driver-sync\4.9.1\mongodb-driver-sync-4.9.1.jar;C:\Users\ArunkumarKarunakaran\.m2\repository\org\mongodb\bson\4.9.1\bson-4.9.1.jar;C:\Users\ArunkumarKarunakaran\.m2\repository\org\mongodb\mongodb-driver-core\4.9.1\mongodb-driver-core-4.9.1.jar;C:\Users\ArunkumarKarunakaran\.m2\repository\org\mongodb\bson-record-codec\4.9.1\bson-record-codec-4.9.1.jar;C:\Users\ArunkumarKarunakaran\.m2\repository\org\springframework\data\spring-data-mongodb\4.1.0\spring-data-mongodb-4.1.0.jar;C:\Users\ArunkumarKarunakaran\.m2\repository\org\springframework\spring-tx\6.0.9\spring-tx-6.0.9.jar;C:\Users\ArunkumarKarunakaran\.m2\repository\org\springframework\spring-expression\6.0.9\spring-expression-6.0.9.jar;C:\Users\ArunkumarKarunakaran\.m2\repository\org\springframework\data\spring-data-commons\3.1.0\spring-data-commons-3.1.0.jar;C:\Users\ArunkumarKarunakaran\.m2\repository\org\springframework\boot\spring-boot-starter-web\3.1.0\spring-boot-starter-web-3.1.0.jar;C:\Users\ArunkumarKarunakaran\.m2\repository\org\springframework\boot\spring-boot-starter-json\3.1.0\spring-boot-starter-json-3.1.0.jar;C:\Users\ArunkumarKarunakaran\.m2\repository\com\fasterxml\jackson\datatype\jackson-datatype-jdk8\2.15.0\jackson-datatype-jdk8-2.15.0.jar;C:\Users\ArunkumarKarunakaran\.m2\repository\com\fasterxml\jackson\module\jackson-module-parameter-names\2.15.0\jackson-module-parameter-names-2.15.0.jar;C:\Users\ArunkumarKarunakaran\.m2\repository\org\springframework\boot\spring-boot-starter-tomcat\3.1.0\spring-boot-starter-tomcat-3.1.0.jar;C:\Users\ArunkumarKarunakaran\.m2\repository\org\apache\tomcat\embed\tomcat-embed-core\10.1.8\tomcat-embed-core-10.1.8.jar;C:\Users\ArunkumarKarunakaran\.m2\repository\org\apache\tomcat\embed\tomcat-embed-websocket\10.1.8\tomcat-embed-websocket-10.1.8.jar;C:\Users\ArunkumarKarunakaran\.m2\repository\org\springframework\spring-web\6.0.9\spring-web-6.0.9.jar;C:\Users\ArunkumarKarunakaran\.m2\repository\org\springframework\spring-webmvc\6.0.9\spring-webmvc-6.0.9.jar;C:\Users\ArunkumarKarunakaran\.m2\repository\org\springframework\boot\spring-boot-devtools\3.1.0\spring-boot-devtools-3.1.0.jar;C:\Users\ArunkumarKarunakaran\.m2\repository\org\springframework\boot\spring-boot\3.1.0\spring-boot-3.1.0.jar;C:\Users\ArunkumarKarunakaran\.m2\repository\org\springframework\boot\spring-boot-autoconfigure\3.1.0\spring-boot-autoconfigure-3.1.0.jar;C:\Users\ArunkumarKarunakaran\.m2\repository\org\projectlombok\lombok\1.18.26\lombok-1.18.26.jar;C:\Users\ArunkumarKarunakaran\.m2\repository\org\springframework\boot\spring-boot-starter-test\3.1.0\spring-boot-starter-test-3.1.0.jar;C:\Users\ArunkumarKarunakaran\.m2\repository\org\springframework\boot\spring-boot-test\3.1.0\spring-boot-test-3.1.0.jar;C:\Users\ArunkumarKarunakaran\.m2\repository\org\springframework\boot\spring-boot-test-autoconfigure\3.1.0\spring-boot-test-autoconfigure-3.1.0.jar;C:\Users\ArunkumarKarunakaran\.m2\repository\com\jayway\jsonpath\json-path\2.8.0\json-path-2.8.0.jar;C:\Users\ArunkumarKarunakaran\.m2\repository\jakarta\xml\bind\jakarta.xml.bind-api\4.0.0\jakarta.xml.bind-api-4.0.0.jar;C:\Users\ArunkumarKarunakaran\.m2\repository\jakarta\activation\jakarta.activation-api\2.1.2\jakarta.activation-api-2.1.2.jar;C:\Users\ArunkumarKarunakaran\.m2\repository\net\minidev\json-smart\2.4.10\json-smart-2.4.10.jar;C:\Users\ArunkumarKarunakaran\.m2\repository\net\minidev\accessors-smart\2.4.9\accessors-smart-2.4.9.jar;C:\Users\ArunkumarKarunakaran\.m2\repository\org\ow2\asm\asm\9.3\asm-9.3.jar;C:\Users\ArunkumarKarunakaran\.m2\repository\org\assertj\assertj-core\3.24.2\assertj-core-3.24.2.jar;C:\Users\ArunkumarKarunakaran\.m2\repository\net\bytebuddy\byte-buddy\1.14.4\byte-buddy-1.14.4.jar;C:\Users\ArunkumarKarunakaran\.m2\repository\org\hamcrest\hamcrest\2.2\hamcrest-2.2.jar;C:\Users\ArunkumarKarunakaran\.m2\repository\org\junit\jupiter\junit-jupiter\5.9.3\junit-jupiter-5.9.3.jar;C:\Users\ArunkumarKarunakaran\.m2\repository\org\junit\jupiter\junit-jupiter-api\5.9.3\junit-jupiter-api-5.9.3.jar;C:\Users\ArunkumarKarunakaran\.m2\repository\org\opentest4j\opentest4j\1.2.0\opentest4j-1.2.0.jar;C:\Users\ArunkumarKarunakaran\.m2\repository\org\junit\platform\junit-platform-commons\1.9.3\junit-platform-commons-1.9.3.jar;C:\Users\ArunkumarKarunakaran\.m2\repository\org\apiguardian\apiguardian-api\1.1.2\apiguardian-api-1.1.2.jar;C:\Users\ArunkumarKarunakaran\.m2\repository\org\junit\jupiter\junit-jupiter-params\5.9.3\junit-jupiter-params-5.9.3.jar;C:\Users\ArunkumarKarunakaran\.m2\repository\org\junit\jupiter\junit-jupiter-engine\5.9.3\junit-jupiter-engine-5.9.3.jar;C:\Users\ArunkumarKarunakaran\.m2\repository\org\junit\platform\junit-platform-engine\1.9.3\junit-platform-engine-1.9.3.jar;C:\Users\ArunkumarKarunakaran\.m2\repository\org\mockito\mockito-core\5.3.1\mockito-core-5.3.1.jar;C:\Users\ArunkumarKarunakaran\.m2\repository\net\bytebuddy\byte-buddy-agent\1.14.4\byte-buddy-agent-1.14.4.jar;C:\Users\ArunkumarKarunakaran\.m2\repository\org\objenesis\objenesis\3.3\objenesis-3.3.jar;C:\Users\ArunkumarKarunakaran\.m2\repository\org\mockito\mockito-junit-jupiter\5.3.1\mockito-junit-jupiter-5.3.1.jar;C:\Users\ArunkumarKarunakaran\.m2\repository\org\skyscreamer\jsonassert\1.5.1\jsonassert-1.5.1.jar;C:\Users\ArunkumarKarunakaran\.m2\repository\com\vaadin\external\google\android-json\0.0.20131108.vaadin1\android-json-0.0.20131108.vaadin1.jar;C:\Users\ArunkumarKarunakaran\.m2\repository\org\springframework\spring-core\6.0.9\spring-core-6.0.9.jar;C:\Users\ArunkumarKarunakaran\.m2\repository\org\springframework\spring-jcl\6.0.9\spring-jcl-6.0.9.jar;C:\Users\ArunkumarKarunakaran\.m2\repository\org\springframework\spring-test\6.0.9\spring-test-6.0.9.jar;C:\Users\ArunkumarKarunakaran\.m2\repository\org\xmlunit\xmlunit-core\2.9.1\xmlunit-core-2.9.1.jar;C:\Users\ArunkumarKarunakaran\.m2\repository\org\springframework\boot\spring-boot-configuration-processor\3.1.0\spring-boot-configuration-processor-3.1.0.jar;"/>
    <property name="sun.cpu.endian" value="little"/>
    <property name="user.home" value="C:\Users\ArunkumarKarunakaran"/>
    <property name="user.language" value="en"/>
    <property name="java.specification.vendor" value="Oracle Corporation"/>
    <property name="java.version.date" value="2022-08-12"/>
    <property name="java.home" value="C:\Users\ArunkumarKarunakaran\Downloads\sts-4.16.1.RELEASE\plugins\org.eclipse.justj.openjdk.hotspot.jre.full.win32.x86_64_17.0.4.v20221004-1257\jre"/>
    <property name="file.separator" value="\"/>
    <property name="style.color" value="always"/>
    <property name="basedir" value="C:\Users\ArunkumarKarunakaran\Downloads\MovieNew-main\MovieNew-main"/>
    <property name="java.vm.compressedOopsMode" value="32-bit"/>
    <property name="line.separator" value="&#10;"/>
    <property name="java.vm.specification.vendor" value="Oracle Corporation"/>
    <property name="java.specification.name" value="Java Platform API Specification"/>
    <property name="surefire.real.class.path" value="C:\Users\ArunkumarKarunakaran\AppData\Local\Temp\surefire12678422339329121811\surefirebooter-20230623161734226_3.jar"/>
    <property name="user.script" value=""/>
    <property name="sun.management.compiler" value="HotSpot 64-Bit Tiered Compilers"/>
    <property name="java.runtime.version" value="17.0.4.1+1"/>
    <property name="user.name" value="ArunkumarKarunakaran"/>
    <property name="path.separator" value=";"/>
    <property name="os.version" value="10.0"/>
    <property name="java.runtime.name" value="OpenJDK Runtime Environment"/>
    <property name="file.encoding" value="Cp1252"/>
    <property name="java.vm.name" value="OpenJDK 64-Bit Server VM"/>
    <property name="java.vendor.version" value="Temurin-17.0.4.1+1"/>
    <property name="localRepository" value="C:\Users\ArunkumarKarunakaran\.m2\repository"/>
    <property name="java.vendor.url.bug" value="https://github.com/adoptium/adoptium-support/issues"/>
    <property name="java.io.tmpdir" value="C:\Users\ARUNKU~1\AppData\Local\Temp\"/>
    <property name="java.version" value="17.0.4.1"/>
    <property name="user.dir" value="C:\Users\ArunkumarKarunakaran\Downloads\MovieNew-main\MovieNew-main"/>
    <property name="os.arch" value="amd64"/>
    <property name="java.vm.specification.name" value="Java Virtual Machine Specification"/>
    <property name="sun.os.patch.level" value=""/>
    <property name="native.encoding" value="Cp1252"/>
    <property name="java.library.path" value="C:\Users\ArunkumarKarunakaran\Downloads\sts-4.16.1.RELEASE\plugins\org.eclipse.justj.openjdk.hotspot.jre.full.win32.x86_64_17.0.4.v20221004-1257\jre\bin;C:\WINDOWS\Sun\Java\bin;C:\WINDOWS\system32;C:\WINDOWS;C:/Users/ArunkumarKarunakaran/Downloads/sts-4.16.1.RELEASE//plugins/org.eclipse.justj.openjdk.hotspot.jre.full.win32.x86_64_17.0.4.v20221004-1257/jre/bin/server;C:/Users/ArunkumarKarunakaran/Downloads/sts-4.16.1.RELEASE//plugins/org.eclipse.justj.openjdk.hotspot.jre.full.win32.x86_64_17.0.4.v20221004-1257/jre/bin;C:\Program Files\Common Files\Oracle\Java\javapath;C:\WINDOWS\system32;C:\WINDOWS;C:\WINDOWS\System32\Wbem;C:\WINDOWS\System32\WindowsPowerShell\v1.0\;C:\WINDOWS\System32\OpenSSH\;C:\Program Files (x86)\NVIDIA Corporation\PhysX\Common;C:\Program Files\NVIDIA Corporation\NVIDIA NvDLISR;C:\Program Files\nodejs\;C:\Maven\apache-maven-3.8.6-bin\apache-maven-3.8.6\bin;C:\Program Files\Java\jdk-11.0.16.1\bin;C:\Users\ArunkumarKarunakaran\AppData\Local\Microsoft\WindowsApps;C:\Users\ArunkumarKarunakaran\AppData\Roaming\npm;C:\Users\ArunkumarKarunakaran\AppData\Local\Programs\Microsoft VS Code\bin;&quot;;C:\Program Files\nodejs\&quot;;C:\Program Files\Java\jdk-11.0.16.1\bin;;C:\Users\ArunkumarKarunakaran\Downloads\sts-4.16.1.RELEASE;;."/>
    <property name="java.vm.info" value="mixed mode"/>
    <property name="java.vendor" value="Eclipse Adoptium"/>
    <property name="java.vm.version" value="17.0.4.1+1"/>
    <property name="sun.io.unicode.encoding" value="UnicodeLittle"/>
    <property name="java.class.version" value="61.0"/>
  </properties>
  <testcase name="testLoginUserWithInvalidCredentials" classname="com.MovieApps.UserControllerTest" time="1.66"/>
  <testcase name="testResetPasswordWithInvalidCredentials" classname="com.MovieApps.UserControllerTest" time="0.008"/>
  <testcase name="testResetPasswordWithValidCredentials" classname="com.MovieApps.UserControllerTest" time="0.007"/>
  <testcase name="testLoginUserWithValidCredentials" classname="com.MovieApps.UserControllerTest" time="0.394">
    <system-out><![CDATA[Generated token: eyJhbGciOiJIUzUxMiJ9.eyJpYXQiOjE2ODc1MTcyNTcsImV4cCI6MTY4NzUxNzI1N30.zzkYMsbKaMiVBSlOWsov2yeMi4HaDW9ZSQu73d3ffXuPFLye-5L_4gXblo-MWghX5W-PulEQm2MeR261eLmWGQ
]]></system-out>
  </testcase>
  <testcase name="testRegisterUser" classname="com.MovieApps.UserControllerTest" time="0.006"/>
  <testcase name="testDeleteMovieWithNonExistingMovie" classname="com.MovieApps.UserControllerTest" time="0.022"/>
  <testcase name="testAddMovie" classname="com.MovieApps.UserControllerTest" time="0.006"/>
  <testcase name="testDeleteMovieWithExistingMovie" classname="com.MovieApps.UserControllerTest" time="0.005"/>
  <testcase name="resetPassword_UserNotFound_ReturnsNotFoundResponse1" classname="com.MovieApps.UserControllerTest" time="0.005"/>
  <testcase name="getAllMovies_ReturnsListOfMovies" classname="com.MovieApps.UserControllerTest" time="0.005"/>
  <testcase name="loginUser_InvalidCredentials_ReturnsUnauthorizedResponse" classname="com.MovieApps.UserControllerTest" time="0.004"/>
  <testcase name="resetPassword_UserNotFound_ReturnsNotFoundResponse" classname="com.MovieApps.UserControllerTest" time="0.003"/>
  <testcase name="testGetAllMovies" classname="com.MovieApps.UserControllerTest" time="0.004"/>
  <testcase name="registerUser_InvalidUser_ReturnsBadRequestResponse" classname="com.MovieApps.UserControllerTest" time="0.006"/>
  <testcase name="testDeleteMovie_NotFoundException" classname="com.MovieApps.UserControllerTest" time="0.004"/>
  <testcase name="testSearchMovies" classname="com.MovieApps.UserControllerTest" time="0.004"/>
  <testcase name="searchMovies_ReturnsListOfMatchingMovies" classname="com.MovieApps.UserControllerTest" time="0.004"/>
  <testcase name="testDeleteMovie_Success" classname="com.MovieApps.UserControllerTest" time="0.003"/>
  <testcase name="registerUser_ValidUser_ReturnsOkResponseWithRegisteredUser" classname="com.MovieApps.UserControllerTest" time="0.004"/>
  <testcase name="testDeleteMovie_Exception" classname="com.MovieApps.UserControllerTest" time="0.004"/>
</testsuite>